2025-10-22 02:37:20.837465: E external/local_xla/xla/stream_executor/cuda/cuda_fft.cc:467] Unable to register cuFFT factory: Attempting to register factory for plugin cuFFT when one has already been registered
WARNING: All log messages before absl::InitializeLog() is called are written to STDERR
E0000 00:00:1761100640.859159   39671 cuda_dnn.cc:8579] Unable to register cuDNN factory: Attempting to register factory for plugin cuDNN when one has already been registered
E0000 00:00:1761100640.865502   39671 cuda_blas.cc:1407] Unable to register cuBLAS factory: Attempting to register factory for plugin cuBLAS when one has already been registered
W0000 00:00:1761100640.883362   39671 computation_placer.cc:177] computation placer already registered. Please check linkage and avoid linking the same target more than once.
W0000 00:00:1761100640.883391   39671 computation_placer.cc:177] computation placer already registered. Please check linkage and avoid linking the same target more than once.
W0000 00:00:1761100640.883394   39671 computation_placer.cc:177] computation placer already registered. Please check linkage and avoid linking the same target more than once.
W0000 00:00:1761100640.883396   39671 computation_placer.cc:177] computation placer already registered. Please check linkage and avoid linking the same target more than once.
2025-10-22 02:37:20.890741: I tensorflow/core/platform/cpu_feature_guard.cc:210] This TensorFlow binary is optimized to use available CPU instructions in performance-critical operations.
To enable the following instructions: AVX2 FMA, in other operations, rebuild TensorFlow with the appropriate compiler flags.
Working with deepseek-ai/deepseek-coder-6.7b-instruct prompt type False...
Loading checkpoint shards:   0%|          | 0/2 [00:00<?, ?it/s]Loading checkpoint shards:  50%|█████     | 1/2 [00:52<00:52, 52.18s/it]Loading checkpoint shards: 100%|██████████| 2/2 [01:10<00:00, 32.50s/it]Loading checkpoint shards: 100%|██████████| 2/2 [01:10<00:00, 35.45s/it]
Setting `pad_token_id` to `eos_token_id`:32021 for open-end generation.
============================= test session starts ==============================
platform linux -- Python 3.12.12, pytest-8.4.2, pluggy-1.6.0
rootdir: /content/CS598JBR-Team-25/MP2
plugins: cov-7.0.0, typeguard-4.4.4, langsmith-0.4.37, anyio-4.11.0
collected 7 items

Codes/HumanEval_96_test.py ..F..F.                                       [100%]

=================================== FAILURES ===================================
______________________________ test_count_up_to_2 ______________________________

    def test_count_up_to_2():
>       assert count_up_to(2) == [2]
E       assert [] == [2]
E         
E         Right contains one more item: 2
E         Use -v to get more diff

Codes/HumanEval_96_test.py:11: AssertionError
_____________________________ test_count_up_to_20 ______________________________

    def test_count_up_to_20():
>       assert countup_to(20) == [2, 3, 5, 7, 11, 13, 17, 19]
               ^^^^^^^^^^
E       NameError: name 'countup_to' is not defined

Codes/HumanEval_96_test.py:20: NameError
================================ tests coverage ================================
_______________ coverage: platform linux, python 3.12.12-final-0 _______________

Coverage JSON written to file Coverage/HumanEval_96_test_crafted.json
=========================== short test summary info ============================
FAILED Codes/HumanEval_96_test.py::test_count_up_to_2 - assert [] == [2]
FAILED Codes/HumanEval_96_test.py::test_count_up_to_20 - NameError: name 'cou...
========================= 2 failed, 5 passed in 0.08s ==========================
Setting `pad_token_id` to `eos_token_id`:32021 for open-end generation.
============================= test session starts ==============================
platform linux -- Python 3.12.12, pytest-8.4.2, pluggy-1.6.0
rootdir: /content/CS598JBR-Team-25/MP2
plugins: cov-7.0.0, typeguard-4.4.4, langsmith-0.4.37, anyio-4.11.0
collected 6 items

Codes/HumanEval_117_test.py .F..F.                                       [100%]

=================================== FAILURES ===================================
________________________ test_select_words_single_word _________________________

    def test_select_words_single_word():
        assert select_words("hello", 2) == []
>       assert select_words("hello", 1) == ["hello"]
E       AssertionError: assert [] == ['hello']
E         
E         Right contains one more item: 'hello'
E         Use -v to get more diff

Codes/HumanEval_117_test.py:9: AssertionError
______________________ test_select_words_vowels_in_words _______________________

    def test_select_words_vowels_in_words():
>       assert select_words("Hello world", 3) == ["world"]
E       AssertionError: assert ['Hello'] == ['world']
E         
E         At index 0 diff: 'Hello' != 'world'
E         Use -v to get more diff

Codes/HumanEval_117_test.py:22: AssertionError
================================ tests coverage ================================
_______________ coverage: platform linux, python 3.12.12-final-0 _______________

Coverage JSON written to file Coverage/HumanEval_117_test_crafted.json
=========================== short test summary info ============================
FAILED Codes/HumanEval_117_test.py::test_select_words_single_word - Assertion...
FAILED Codes/HumanEval_117_test.py::test_select_words_vowels_in_words - Asser...
========================= 2 failed, 4 passed in 0.08s ==========================
Setting `pad_token_id` to `eos_token_id`:32021 for open-end generation.
============================= test session starts ==============================
platform linux -- Python 3.12.12, pytest-8.4.2, pluggy-1.6.0
rootdir: /content/CS598JBR-Team-25/MP2
plugins: cov-7.0.0, typeguard-4.4.4, langsmith-0.4.37, anyio-4.11.0
collected 1 item

Codes/HumanEval_85_test.py F                                             [100%]

=================================== FAILURES ===================================
___________________________________ test_add ___________________________________

    def test_add():
        assert add([4, 2, 6, 7]) == 2
>       assert add([1, 2, 3, 4, 5]) == 4
E       assert 6 == 4
E        +  where 6 = add([1, 2, 3, 4, 5])

Codes/HumanEval_85_test.py:4: AssertionError
================================ tests coverage ================================
_______________ coverage: platform linux, python 3.12.12-final-0 _______________

Coverage JSON written to file Coverage/HumanEval_85_test_crafted.json
=========================== short test summary info ============================
FAILED Codes/HumanEval_85_test.py::test_add - assert 6 == 4
============================== 1 failed in 0.08s ===============================
Setting `pad_token_id` to `eos_token_id`:32021 for open-end generation.
============================= test session starts ==============================
platform linux -- Python 3.12.12, pytest-8.4.2, pluggy-1.6.0
rootdir: /content/CS598JBR-Team-25/MP2
plugins: cov-7.0.0, typeguard-4.4.4, langsmith-0.4.37, anyio-4.11.0
collected 5 items

Codes/HumanEval_148_test.py .....                                        [100%]

================================ tests coverage ================================
_______________ coverage: platform linux, python 3.12.12-final-0 _______________

Coverage JSON written to file Coverage/HumanEval_148_test_crafted.json
============================== 5 passed in 0.08s ===============================
Task_ID HumanEval/96:
prompt:
You are an AI programming assistant that is skilled in testcase generation. You are designed to generate testcases for the given code with high coverage (try your best to cover all the code).
### Workflow:
1. Read the task prompt and the code carefully
2. Generate a pytest test suite for the given code, including multiple test functions to cover all the code.

### Constraints:
- You must generate multiple test functions to cover all the code.
- **CRITICAL**: Only write unit tests in the output and nothing else, no other text or comments.

### Instructions:
- You are supposed to generate **NOT ONLY ONE** test function, but multiple test functions to cover all the code.
- DO NOT write many assertions in one test function, but write MULTIPLE test functions with MINIMAL assertions.

### Critical:
- **Do not guess semantics.** Read the code and determine the **exact predicate** (e.g., `== k` vs `< k` / `<= k` / `>= k`; or for ranges: `< n` vs `<= n`).
- First, define a **local helper** inside the test file to compute **expected** results by **mirroring the code’s predicate exactly**.
  Then assert `func(...) == expected_helper(...)`. This prevents mistakes on boundary conditions.
  
### Task Prompt and Code:

def count_up_to(n):
    """Implement a function that takes an non-negative integer and returns an array of the first n
    integers that are prime numbers and less than n.
    for example:
    count_up_to(5) => [2,3]
    count_up_to(11) => [2,3,5,7]
    count_up_to(0) => []
    count_up_to(20) => [2,3,5,7,11,13,17,19]
    count_up_to(1) => []
    count_up_to(18) => [2,3,5,7,11,13,17]
    """

    primes = []
    for i in range(2, n):
        is_prime = True
        for j in range(2, i):
            if i % j == 0:
                is_prime = False
                break
        if is_prime:
            primes.append(i)
    return primes



### Response:
response:
import pytest

def test_count_up_to_0():
    assert count_up_to(0) == []

def test_count_up_to_1():
    assert count_up_to(1) == []

def test_count_up_to_2():
    assert count_up_to(2) == [2]

def test_count_up_to_5():
    assert count_up_to(5) == [2, 3]

def test_count_up_to_11():
    assert count_up_to(11) == [2, 3, 5, 7]

def test_count_up_to_20():
    assert countup_to(20) == [2, 3, 5, 7, 11, 13, 17, 19]

def test_count_up_to_18():
    assert count_up_to(18) == [2, 3, 5, 7, 11, 13, 17]
coverage:
100.0
Task_ID HumanEval/117:
prompt:
You are an AI programming assistant that is skilled in testcase generation. You are designed to generate testcases for the given code with high coverage (try your best to cover all the code).
### Workflow:
1. Read the task prompt and the code carefully
2. Generate a pytest test suite for the given code, including multiple test functions to cover all the code.

### Constraints:
- You must generate multiple test functions to cover all the code.
- **CRITICAL**: Only write unit tests in the output and nothing else, no other text or comments.

### Instructions:
- You are supposed to generate **NOT ONLY ONE** test function, but multiple test functions to cover all the code.
- DO NOT write many assertions in one test function, but write MULTIPLE test functions with MINIMAL assertions.

### Critical:
- **Do not guess semantics.** Read the code and determine the **exact predicate** (e.g., `== k` vs `< k` / `<= k` / `>= k`; or for ranges: `< n` vs `<= n`).
- First, define a **local helper** inside the test file to compute **expected** results by **mirroring the code’s predicate exactly**.
  Then assert `func(...) == expected_helper(...)`. This prevents mistakes on boundary conditions.
  
### Task Prompt and Code:

def select_words(s, n):
    """Given a string s and a natural number n, you have been tasked to implement 
    a function that returns a list of all words from string s that contain exactly 
    n consonants, in order these words appear in the string s.
    If the string s is empty then the function should return an empty list.
    Note: you may assume the input string contains only letters and spaces.
    Examples:
    select_words("Mary had a little lamb", 4) ==> ["little"]
    select_words("Mary had a little lamb", 3) ==> ["Mary", "lamb"]
    select_words("simple white space", 2) ==> []
    select_words("Hello world", 4) ==> ["world"]
    select_words("Uncle sam", 3) ==> ["Uncle"]
    """

    result = []
    for word in s.split():
        n_consonants = 0
        for i in range(0, len(word)):
            if word[i].lower() not in ["a","e","i","o","u"]:
                n_consonants += 1 
        if n_consonants == n:
            result.append(word)
    return result



### Response:
response:
import pytest

def test_select_words_empty_string():
    assert select_words("", 3) == []

def test_select_words_single_word():
    assert select_words("hello", 2) == []
    assert select_words("hello", 1) == ["hello"]

def test_select_words_multiple_words():
    assert select_words("Mary had a little lamb", 4) == ["little"]
    assert select_words("Mary had a little lamb", 3) == ["Mary", "lamb"]
    assert select_words("simple white space", 2) == []
    assert select_words("Hello world", 4) == ["world"]
    assert select_words("Uncle sam", 3) == ["Uncle"]

def test_select_words_case_insensitive():
    assert select_words("Mary HAD a little lamb", 4) == ["little"]

def test_select_words_vowels_in_words():
    assert select_words("Hello world", 3) == ["world"]

def test_select_words_consonants_in_words():
    assert select_words("Uncle sam", 3) == ["Uncle"]
coverage:
100.0
Task_ID HumanEval/85:
prompt:
You are an AI programming assistant that is skilled in testcase generation. You are designed to generate testcases for the given code with high coverage (try your best to cover all the code).
### Workflow:
1. Read the task prompt and the code carefully
2. Generate a pytest test suite for the given code, including multiple test functions to cover all the code.

### Constraints:
- You must generate multiple test functions to cover all the code.
- **CRITICAL**: Only write unit tests in the output and nothing else, no other text or comments.

### Instructions:
- You are supposed to generate **NOT ONLY ONE** test function, but multiple test functions to cover all the code.
- DO NOT write many assertions in one test function, but write MULTIPLE test functions with MINIMAL assertions.

### Critical:
- **Do not guess semantics.** Read the code and determine the **exact predicate** (e.g., `== k` vs `< k` / `<= k` / `>= k`; or for ranges: `< n` vs `<= n`).
- First, define a **local helper** inside the test file to compute **expected** results by **mirroring the code’s predicate exactly**.
  Then assert `func(...) == expected_helper(...)`. This prevents mistakes on boundary conditions.
  
### Task Prompt and Code:

def add(lst):
    """Given a non-empty list of integers lst. add the even elements that are at odd indices..


    Examples:
        add([4, 2, 6, 7]) ==> 2 
    """

    return sum([lst[i] for i in range(1, len(lst), 2) if lst[i]%2 == 0])


### Response:
response:
def test_add():
    assert add([4, 2, 6, 7]) == 2
    assert add([1, 2, 3, 4, 5]) == 4
    assert add([10, 20, 30, 40, 50]) == 60
    assert add([1, 1, 1, 1, 1]) == 0
    assert add([2, 1, 2, 1, 2]) == 2
    assert add([0, 1, 2, 3, 4]) == 2
    assert add([10, 20, 30, 40, 50, 60]) == 60
    assert add([1, 2, 1, 2, 1, 2]) == 2
    assert add([100, 200, 300, 400, 500]) == 600
    assert add([1, 1, 2, 1, 1]) == 2
coverage:
100.0
Task_ID HumanEval/148:
prompt:
You are an AI programming assistant that is skilled in testcase generation. You are designed to generate testcases for the given code with high coverage (try your best to cover all the code).
### Workflow:
1. Read the task prompt and the code carefully
2. Generate a pytest test suite for the given code, including multiple test functions to cover all the code.

### Constraints:
- You must generate multiple test functions to cover all the code.
- **CRITICAL**: Only write unit tests in the output and nothing else, no other text or comments.

### Instructions:
- You are supposed to generate **NOT ONLY ONE** test function, but multiple test functions to cover all the code.
- DO NOT write many assertions in one test function, but write MULTIPLE test functions with MINIMAL assertions.

### Critical:
- **Do not guess semantics.** Read the code and determine the **exact predicate** (e.g., `== k` vs `< k` / `<= k` / `>= k`; or for ranges: `< n` vs `<= n`).
- First, define a **local helper** inside the test file to compute **expected** results by **mirroring the code’s predicate exactly**.
  Then assert `func(...) == expected_helper(...)`. This prevents mistakes on boundary conditions.
  
### Task Prompt and Code:

def bf(planet1, planet2):
    '''
    There are eight planets in our solar system: the closerst to the Sun 
    is Mercury, the next one is Venus, then Earth, Mars, Jupiter, Saturn, 
    Uranus, Neptune.
    Write a function that takes two planet names as strings planet1 and planet2. 
    The function should return a tuple containing all planets whose orbits are 
    located between the orbit of planet1 and the orbit of planet2, sorted by 
    the proximity to the sun. 
    The function should return an empty tuple if planet1 or planet2
    are not correct planet names. 
    Examples
    bf("Jupiter", "Neptune") ==> ("Saturn", "Uranus")
    bf("Earth", "Mercury") ==> ("Venus")
    bf("Mercury", "Uranus") ==> ("Venus", "Earth", "Mars", "Jupiter", "Saturn")
    '''

    planet_names = ("Mercury", "Venus", "Earth", "Mars", "Jupiter", "Saturn", "Uranus", "Neptune")
    if planet1 not in planet_names or planet2 not in planet_names or planet1 == planet2:
        return ()
    planet1_index = planet_names.index(planet1)
    planet2_index = planet_names.index(planet2)
    if planet1_index < planet2_index:
        return (planet_names[planet1_index + 1: planet2_index])
    else:
        return (planet_names[planet2_index + 1 : planet1_index])


### Response:
response:
import pytest

def test_bf_jupiter_neptune():
    assert bf("Jupiter", "Neptune") == ("Saturn", "Uranus")

def test_bf_earth_mercury():
    assert bf("Earth", "Mercury") == ("Venus",)

def test_bf_mercury_uranus():
    assert bf("Mercury", "Uranus") == ("Venus", "Earth", "Mars", "Jupiter", "Saturn")

def test_bf_same_planets():
    assert bf("Earth", "Earth") == ()

def test_bf_invalid_planets():
    assert bf("Earth", "Pluto") == ()
    assert bf("Pluto", "Earth") == ()
    assert bf("Pluto", "Pluto") == ()
coverage:
100.0Setting `pad_token_id` to `eos_token_id`:32021 for open-end generation.
============================= test session starts ==============================
platform linux -- Python 3.12.12, pytest-8.4.2, pluggy-1.6.0
rootdir: /content/CS598JBR-Team-25/MP2
plugins: cov-7.0.0, typeguard-4.4.4, langsmith-0.4.37, anyio-4.11.0
collected 1 item

Codes/HumanEval_64_test.py F                                             [100%]

=================================== FAILURES ===================================
______________________________ test_vowels_count _______________________________

    def test_vowels_count():
        assert vowels_count("abcde") == 2
        assert vowels_count("ACEDY") == 3
>       assert vowels_count("") == 0
               ^^^^^^^^^^^^^^^^

Codes/HumanEval_64_test.py:7: 
_ _ _ _ _ _ _ _ _ _ _ _ _ _ _ _ _ _ _ _ _ _ _ _ _ _ _ _ _ _ _ _ _ _ _ _ _ _ _ _ 

s = ''

    def vowels_count(s):
        """Write a function vowels_count which takes a string representing
        a word as input and returns the number of vowels in the string.
        Vowels in this case are 'a', 'e', 'i', 'o', 'u'. Here, 'y' is also a
        vowel, but only when it is at the end of the given word.
    
        Example:
        >>> vowels_count("abcde")
        2
        >>> vowels_count("ACEDY")
        3
        """
    
        vowels = "aeiouAEIOU"
        n_vowels = sum(c in vowels for c in s)
>       if s[-1] == 'y' or s[-1] == 'Y':
           ^^^^^
E       IndexError: string index out of range

Codes/HumanEval_64.py:21: IndexError
================================ tests coverage ================================
_______________ coverage: platform linux, python 3.12.12-final-0 _______________

Coverage JSON written to file Coverage/HumanEval_64_test_crafted.json
=========================== short test summary info ============================
FAILED Codes/HumanEval_64_test.py::test_vowels_count - IndexError: string ind...
============================== 1 failed in 0.09s ===============================
Setting `pad_token_id` to `eos_token_id`:32021 for open-end generation.
============================= test session starts ==============================
platform linux -- Python 3.12.12, pytest-8.4.2, pluggy-1.6.0
rootdir: /content/CS598JBR-Team-25/MP2
plugins: cov-7.0.0, typeguard-4.4.4, langsmith-0.4.37, anyio-4.11.0
collected 6 items

Codes/HumanEval_149_test.py .....F                                       [100%]

=================================== FAILURES ===================================
______________________ test_sorted_list_sum_mixed_lengths ______________________

    def test_sorted_list_sum_mixed_lengths():
>       assert sorted(["ab", "a", "aaa", "cd"]) == ["ab", "cd"]
E       AssertionError: assert ['a', 'aaa', 'ab', 'cd'] == ['ab', 'cd']
E         
E         At index 0 diff: 'a' != 'ab'
E         Left contains 2 more items, first extra item: 'ab'
E         Use -v to get more diff

Codes/HumanEval_149_test.py:26: AssertionError
================================ tests coverage ================================
_______________ coverage: platform linux, python 3.12.12-final-0 _______________

Coverage JSON written to file Coverage/HumanEval_149_test_crafted.json
=========================== short test summary info ============================
FAILED Codes/HumanEval_149_test.py::test_sorted_list_sum_mixed_lengths - Asse...
========================= 1 failed, 5 passed in 0.07s ==========================
Setting `pad_token_id` to `eos_token_id`:32021 for open-end generation.
============================= test session starts ==============================
platform linux -- Python 3.12.12, pytest-8.4.2, pluggy-1.6.0
rootdir: /content/CS598JBR-Team-25/MP2
plugins: cov-7.0.0, typeguard-4.4.4, langsmith-0.4.37, anyio-4.11.0
collected 1 item

Codes/HumanEval_13_test.py .                                             [100%]

================================ tests coverage ================================
_______________ coverage: platform linux, python 3.12.12-final-0 _______________

Coverage JSON written to file Coverage/HumanEval_13_test_crafted.json
============================== 1 passed in 0.06s ===============================
Setting `pad_token_id` to `eos_token_id`:32021 for open-end generation.
============================= test session starts ==============================
platform linux -- Python 3.12.12, pytest-8.4.2, pluggy-1.6.0
rootdir: /content/CS598JBR-Team-25/MP2
plugins: cov-7.0.0, typeguard-4.4.4, langsmith-0.4.37, anyio-4.11.0
collected 5 items

Codes/HumanEval_95_test.py ..F..                                         [100%]

=================================== FAILURES ===================================
_____________________ test_check_dict_case_mixed_case_keys _____________________

    def test_check_dict_case_mixed_case_keys():
        assert check_dict_case({"a":"APPLE", "B":"BANANA"}) == False
>       assert check_dict_case({"a":"APPLE", "b":"BANANA", "C":"CHERRY"}) == False
E       AssertionError: assert True == False
E        +  where True = check_dict_case({'C': 'CHERRY', 'a': 'APPLE', 'b': 'BANANA'})

Codes/HumanEval_95_test.py:16: AssertionError
================================ tests coverage ================================
_______________ coverage: platform linux, python 3.12.12-final-0 _______________

Coverage JSON written to file Coverage/HumanEval_95_test_crafted.json
=========================== short test summary info ============================
FAILED Codes/HumanEval_95_test.py::test_check_dict_case_mixed_case_keys - Ass...
========================= 1 failed, 4 passed in 0.11s ==========================

Task_ID HumanEval/64:
prompt:
You are an AI programming assistant that is skilled in testcase generation. You are designed to generate testcases for the given code with high coverage (try your best to cover all the code).
### Workflow:
1. Read the task prompt and the code carefully
2. Generate a pytest test suite for the given code, including multiple test functions to cover all the code.

### Constraints:
- You must generate multiple test functions to cover all the code.
- **CRITICAL**: Only write unit tests in the output and nothing else, no other text or comments.

### Instructions:
- You are supposed to generate **NOT ONLY ONE** test function, but multiple test functions to cover all the code.
- DO NOT write many assertions in one test function, but write MULTIPLE test functions with MINIMAL assertions.

### Critical:
- **Do not guess semantics.** Read the code and determine the **exact predicate** (e.g., `== k` vs `< k` / `<= k` / `>= k`; or for ranges: `< n` vs `<= n`).
- First, define a **local helper** inside the test file to compute **expected** results by **mirroring the code’s predicate exactly**.
  Then assert `func(...) == expected_helper(...)`. This prevents mistakes on boundary conditions.
  
### Task Prompt and Code:

FIX = """
Add more test cases.
"""

def vowels_count(s):
    """Write a function vowels_count which takes a string representing
    a word as input and returns the number of vowels in the string.
    Vowels in this case are 'a', 'e', 'i', 'o', 'u'. Here, 'y' is also a
    vowel, but only when it is at the end of the given word.

    Example:
    >>> vowels_count("abcde")
    2
    >>> vowels_count("ACEDY")
    3
    """

    vowels = "aeiouAEIOU"
    n_vowels = sum(c in vowels for c in s)
    if s[-1] == 'y' or s[-1] == 'Y':
        n_vowels += 1
    return n_vowels


### Response:
response:
import pytest

def test_vowels_count():
    assert vowels_count("abcde") == 2
    assert vowels_count("ACEDY") == 3
    assert vowels_count("") == 0
    assert vowels_count("a") == 1
    assert vowels_count("Y") == 1
    assert vowels_count("aeiou") == 5
    assert vowels_count("AEIOU") == 5
    assert vowels_count("bcd") == 0
    assert vowels_count("sdfghjklzxcvbnm") == 0
    assert vowels_count("YoLo") == 2
    assert vowels_count("y") == 1
    assert vowels_count("Y") == 1
    assert vowels_count("Yo") == 1
    assert vowels_count("YoLo") == 2
    assert vowels_count("YoLoY") == 3
coverage:
100.0
Task_ID HumanEval/149:
prompt:
You are an AI programming assistant that is skilled in testcase generation. You are designed to generate testcases for the given code with high coverage (try your best to cover all the code).
### Workflow:
1. Read the task prompt and the code carefully
2. Generate a pytest test suite for the given code, including multiple test functions to cover all the code.

### Constraints:
- You must generate multiple test functions to cover all the code.
- **CRITICAL**: Only write unit tests in the output and nothing else, no other text or comments.

### Instructions:
- You are supposed to generate **NOT ONLY ONE** test function, but multiple test functions to cover all the code.
- DO NOT write many assertions in one test function, but write MULTIPLE test functions with MINIMAL assertions.

### Critical:
- **Do not guess semantics.** Read the code and determine the **exact predicate** (e.g., `== k` vs `< k` / `<= k` / `>= k`; or for ranges: `< n` vs `<= n`).
- First, define a **local helper** inside the test file to compute **expected** results by **mirroring the code’s predicate exactly**.
  Then assert `func(...) == expected_helper(...)`. This prevents mistakes on boundary conditions.
  
### Task Prompt and Code:

def sorted_list_sum(lst):
    """Write a function that accepts a list of strings as a parameter,
    deletes the strings that have odd lengths from it,
    and returns the resulted list with a sorted order,
    The list is always a list of strings and never an array of numbers,
    and it may contain duplicates.
    The order of the list should be ascending by length of each word, and you
    should return the list sorted by that rule.
    If two words have the same length, sort the list alphabetically.
    The function should return a list of strings in sorted order.
    You may assume that all words will have the same length.
    For example:
    assert list_sort(["aa", "a", "aaa"]) => ["aa"]
    assert list_sort(["ab", "a", "aaa", "cd"]) => ["ab", "cd"]
    """

    lst.sort()
    new_lst = []
    for i in lst:
        if len(i)%2 == 0:
            new_lst.append(i)
    return sorted(new_lst, key=len)


### Response:
response:
import pytest


def test_sorted_list_sum_empty():
    assert sorted_list_sum([]) == []


def test_sorted_list_sum_single_element():
    assert sorted_list_sum(["aa"]) == ["aa"]


def test_sorted_list_sum_multiple_elements():
    assert sorted_list_sum(["ab", "a", "aaa", "cd"]) == ["ab", "cd"]


def test_sorted_list_sum_duplicates():
    assert sorted_list_sum(["aa", "aa", "aa"]) == ["aa", "aa", "aa"]


def test_sorted_list_sum_odd_length():
    assert sorted_list_sum(["aa", "a", "aaa"]) == ["aa"]


def test_sorted_list_sum_mixed_lengths():
    assert sorted(["ab", "a", "aaa", "cd"]) == ["ab", "cd"]
coverage:
100.0
Task_ID HumanEval/13:
prompt:
You are an AI programming assistant that is skilled in testcase generation. You are designed to generate testcases for the given code with high coverage (try your best to cover all the code).
### Workflow:
1. Read the task prompt and the code carefully
2. Generate a pytest test suite for the given code, including multiple test functions to cover all the code.

### Constraints:
- You must generate multiple test functions to cover all the code.
- **CRITICAL**: Only write unit tests in the output and nothing else, no other text or comments.

### Instructions:
- You are supposed to generate **NOT ONLY ONE** test function, but multiple test functions to cover all the code.
- DO NOT write many assertions in one test function, but write MULTIPLE test functions with MINIMAL assertions.

### Critical:
- **Do not guess semantics.** Read the code and determine the **exact predicate** (e.g., `== k` vs `< k` / `<= k` / `>= k`; or for ranges: `< n` vs `<= n`).
- First, define a **local helper** inside the test file to compute **expected** results by **mirroring the code’s predicate exactly**.
  Then assert `func(...) == expected_helper(...)`. This prevents mistakes on boundary conditions.
  
### Task Prompt and Code:


def greatest_common_divisor(a: int, b: int) -> int:
    """ Return a greatest common divisor of two integers a and b
    >>> greatest_common_divisor(3, 5)
    1
    >>> greatest_common_divisor(25, 15)
    5
    """

    while b:
        a, b = b, a % b
    return a


### Response:
response:
import pytest

def test_greatest_common_divisor():
    assert greatest_common_divisor(3, 5) == 1
    assert greatest_common_divisor(25, 15) == 5
    assert greatest_common_divisor(0, 10) == 10
    assert greatest_common_divisor(10, 0) == 10
    assert greatest_common_divisor(0, 0) == 0
coverage:
100.0
Task_ID HumanEval/95:
prompt:
You are an AI programming assistant that is skilled in testcase generation. You are designed to generate testcases for the given code with high coverage (try your best to cover all the code).
### Workflow:
1. Read the task prompt and the code carefully
2. Generate a pytest test suite for the given code, including multiple test functions to cover all the code.

### Constraints:
- You must generate multiple test functions to cover all the code.
- **CRITICAL**: Only write unit tests in the output and nothing else, no other text or comments.

### Instructions:
- You are supposed to generate **NOT ONLY ONE** test function, but multiple test functions to cover all the code.
- DO NOT write many assertions in one test function, but write MULTIPLE test functions with MINIMAL assertions.

### Critical:
- **Do not guess semantics.** Read the code and determine the **exact predicate** (e.g., `== k` vs `< k` / `<= k` / `>= k`; or for ranges: `< n` vs `<= n`).
- First, define a **local helper** inside the test file to compute **expected** results by **mirroring the code’s predicate exactly**.
  Then assert `func(...) == expected_helper(...)`. This prevents mistakes on boundary conditions.
  
### Task Prompt and Code:

def check_dict_case(dict):
    """
    Given a dictionary, return True if all keys are strings in lower 
    case or all keys are strings in upper case, else return False.
    The function should return False is the given dictionary is empty.
    Examples:
    check_dict_case({"a":"apple", "b":"banana"}) should return True.
    check_dict_case({"a":"apple", "A":"banana", "B":"banana"}) should return False.
    check_dict_case({"a":"apple", 8:"banana", "a":"apple"}) should return False.
    check_dict_case({"Name":"John", "Age":"36", "City":"Houston"}) should return False.
    check_dict_case({"STATE":"NC", "ZIP":"12345" }) should return True.
    """

    if len(dict.keys()) == 0:
        return False
    else:
        state = "start"
        for key in dict.keys():

            if isinstance(key, str) == False:
                state = "mixed"
                break
            if state == "start":
                if key.isupper():
                    state = "upper"
                elif key.islower():
                    state = "lower"
                else:
                    break
            elif (state == "upper" and not key.isupper()) or (state == "lower" and not key.islower()):
                    state = "mixed"
                    break
            else:
                break
        return state == "upper" or state == "lower" 


### Response:
response:
import pytest

def test_check_dict_case_all_lower_case_keys():
    assert check_dict_case({"a":"apple", "b":"banana"}) == True
    assert check_dict_case({"a":"apple", "b":"banana", "c":"cherry"}) == True
    assert check_dict_case({"a":"apple", "b":"banana", "c":"cherry", "d":"date"}) == True

def test_check_dict_case_all_upper_case_keys():
    assert check_dict_case({"A":"APPLE", "B":"BANANA"}) == True
    assert check_dict_case({"A":"APPLE", "B":"BANANA", "C":"CHERRY"}) == True
    assert check_dict_case({"A":"APPLE", "B":"BANANA", "C":"CHERRY", "D":"DATE"}) == True

def test_check_dict_case_mixed_case_keys():
    assert check_dict_case({"a":"APPLE", "B":"BANANA"}) == False
    assert check_dict_case({"a":"APPLE", "b":"BANANA", "C":"CHERRY"}) == False
    assert check_dict_case({"A":"APPLE", "B":"BANANA", "c":"CHERRY"}) == False
    assert check_dict_case({"A":"APPLE", "B":"BANANA", "C":"CHERRY", "d":"DATE"}) == False

def test_check_dict_case_non_string_keys():
    assert check_dict_case({1:"apple", "b":"banana"}) == False
    assert check_dict_case({1:"apple", 2:"banana", "c":"cherry"}) == False
    assert check_dict_case({"a":"apple", 2:"banana", "c":"cherry"}) == False
    assert check_dict_case({"a":"apple", 2:"banana", "c":"cherry", 4:"date"}) == False

def test_check_dict_case_empty_dict():
    assert check_dict_case({}) == False
coverage:
94.74Setting `pad_token_id` to `eos_token_id`:32021 for open-end generation.
============================= test session starts ==============================
platform linux -- Python 3.12.12, pytest-8.4.2, pluggy-1.6.0
rootdir: /content/CS598JBR-Team-25/MP2
plugins: cov-7.0.0, typeguard-4.4.4, langsmith-0.4.37, anyio-4.11.0
collected 0 items / 1 error

==================================== ERRORS ====================================
_________________ ERROR collecting Codes/HumanEval_126_test.py _________________
/usr/local/lib/python3.12/dist-packages/_pytest/python.py:498: in importtestmodule
    mod = import_path(
/usr/local/lib/python3.12/dist-packages/_pytest/pathlib.py:587: in import_path
    importlib.import_module(module_name)
/usr/lib/python3.12/importlib/__init__.py:90: in import_module
    return _bootstrap._gcd_import(name[level:], package, level)
           ^^^^^^^^^^^^^^^^^^^^^^^^^^^^^^^^^^^^^^^^^^^^^^^^^^^^
<frozen importlib._bootstrap>:1387: in _gcd_import
    ???
<frozen importlib._bootstrap>:1360: in _find_and_load
    ???
<frozen importlib._bootstrap>:1331: in _find_and_load_unlocked
    ???
<frozen importlib._bootstrap>:935: in _load_unlocked
    ???
/usr/local/lib/python3.12/dist-packages/_pytest/assertion/rewrite.py:177: in exec_module
    source_stat, co = _rewrite_test(fn, self.config)
                      ^^^^^^^^^^^^^^^^^^^^^^^^^^^^^^
/usr/local/lib/python3.12/dist-packages/_pytest/assertion/rewrite.py:357: in _rewrite_test
    tree = ast.parse(source, filename=strfn)
           ^^^^^^^^^^^^^^^^^^^^^^^^^^^^^^^^^
/usr/lib/python3.12/ast.py:52: in parse
    return compile(source, filename, mode, flags,
E     File "/content/CS598JBR-Team-25/MP2/Codes/HumanEval_126_test.py", line 12
E       else::
E            ^
E   SyntaxError: invalid syntax
=========================== short test summary info ============================
ERROR Codes/HumanEval_126_test.py
!!!!!!!!!!!!!!!!!!!! Interrupted: 1 error during collection !!!!!!!!!!!!!!!!!!!!
=============================== 1 error in 0.38s ===============================
Setting `pad_token_id` to `eos_token_id`:32021 for open-end generation.
============================= test session starts ==============================
platform linux -- Python 3.12.12, pytest-8.4.2, pluggy-1.6.0
rootdir: /content/CS598JBR-Team-25/MP2
plugins: cov-7.0.0, typeguard-4.4.4, langsmith-0.4.37, anyio-4.11.0
collected 1 item

Codes/HumanEval_123_test.py F                                            [100%]

=================================== FAILURES ===================================
_____________________________ test_get_odd_collatz _____________________________

    def test_get_odd_collatz():
        assert get_odd_collatz(1) == [1]
>       assert get_odd_collatz(2) == [2]
E       assert [1] == [2]
E         
E         At index 0 diff: 1 != 2
E         Use -v to get more diff

Codes/HumanEval_123_test.py:4: AssertionError
================================ tests coverage ================================
_______________ coverage: platform linux, python 3.12.12-final-0 _______________

Coverage JSON written to file Coverage/HumanEval_123_test_crafted.json
=========================== short test summary info ============================
FAILED Codes/HumanEval_123_test.py::test_get_odd_collatz - assert [1] == [2]
============================== 1 failed in 0.17s ===============================

Task_ID HumanEval/126:
prompt:
You are an AI programming assistant that is skilled in testcase generation. You are designed to generate testcases for the given code with high coverage (try your best to cover all the code).
### Workflow:
1. Read the task prompt and the code carefully
2. Generate a pytest test suite for the given code, including multiple test functions to cover all the code.

### Constraints:
- You must generate multiple test functions to cover all the code.
- **CRITICAL**: Only write unit tests in the output and nothing else, no other text or comments.

### Instructions:
- You are supposed to generate **NOT ONLY ONE** test function, but multiple test functions to cover all the code.
- DO NOT write many assertions in one test function, but write MULTIPLE test functions with MINIMAL assertions.

### Critical:
- **Do not guess semantics.** Read the code and determine the **exact predicate** (e.g., `== k` vs `< k` / `<= k` / `>= k`; or for ranges: `< n` vs `<= n`).
- First, define a **local helper** inside the test file to compute **expected** results by **mirroring the code’s predicate exactly**.
  Then assert `func(...) == expected_helper(...)`. This prevents mistakes on boundary conditions.
  
### Task Prompt and Code:

def is_sorted(lst):
    '''
    Given a list of numbers, return whether or not they are sorted
    in ascending order. If list has more than 1 duplicate of the same
    number, return False. Assume no negative numbers and only integers.

    Examples
    is_sorted([5]) ➞ True
    is_sorted([1, 2, 3, 4, 5]) ➞ True
    is_sorted([1, 3, 2, 4, 5]) ➞ False
    is_sorted([1, 2, 3, 4, 5, 6]) ➞ True
    is_sorted([1, 2, 3, 4, 5, 6, 7]) ➞ True
    is_sorted([1, 3, 2, 4, 5, 6, 7]) ➞ False
    is_sorted([1, 2, 2, 3, 3, 4]) ➞ True
    is_sorted([1, 2, 2, 2, 3, 4]) ➞ False
    '''

    count_digit = dict([(i, 0) for i in lst])
    for i in lst:
        count_digit[i]+=1 
    if any(count_digit[i] > 2 for i in lst):
        return False
    if all(lst[i-1] <= lst[i] for i in range(1, len(lst))):
        return True
    else:
        return False
    
    


### Response:
response:
import pytest

def is_sorted(lst):
    count_digit = dict([(i, 0) for i in lst])
    for i in lst:
        count_digit[i]+=1 
    if any(count_digit[i] > 2 for i in lst):
        return False
    if all(lst[i-1] <= lst[i] for i in range(1, len(lst))):
        return True
    else::
        return False

def test_is_sorted():
    assert is_sorted([5]) == True
    assert is_sorted([1, 2, 3, 4, 5]) == True
    assert is_sorted([1, 3, 2, 4, 5]) == False
    assert is_sorted([1, 2, 3, 4, 5, 6]) == True
    assert is_sorted([1, 2, 3, 4, 5, 6, 7]) == True
    assert is_sorted([1, 3, 2, 4, 5, 6, 7]) == False
    assert is_sorted([1, 2, 2, 3, 3, 4]) == True
    assert is_sorted([1, 2, 2, 2, 3, 4]) == False
coverage:
0
Task_ID HumanEval/123:
prompt:
You are an AI programming assistant that is skilled in testcase generation. You are designed to generate testcases for the given code with high coverage (try your best to cover all the code).
### Workflow:
1. Read the task prompt and the code carefully
2. Generate a pytest test suite for the given code, including multiple test functions to cover all the code.

### Constraints:
- You must generate multiple test functions to cover all the code.
- **CRITICAL**: Only write unit tests in the output and nothing else, no other text or comments.

### Instructions:
- You are supposed to generate **NOT ONLY ONE** test function, but multiple test functions to cover all the code.
- DO NOT write many assertions in one test function, but write MULTIPLE test functions with MINIMAL assertions.

### Critical:
- **Do not guess semantics.** Read the code and determine the **exact predicate** (e.g., `== k` vs `< k` / `<= k` / `>= k`; or for ranges: `< n` vs `<= n`).
- First, define a **local helper** inside the test file to compute **expected** results by **mirroring the code’s predicate exactly**.
  Then assert `func(...) == expected_helper(...)`. This prevents mistakes on boundary conditions.
  
### Task Prompt and Code:

def get_odd_collatz(n):
    """
    Given a positive integer n, return a sorted list that has the odd numbers in collatz sequence.

    The Collatz conjecture is a conjecture in mathematics that concerns a sequence defined
    as follows: start with any positive integer n. Then each term is obtained from the 
    previous term as follows: if the previous term is even, the next term is one half of 
    the previous term. If the previous term is odd, the next term is 3 times the previous
    term plus 1. The conjecture is that no matter what value of n, the sequence will always reach 1.

    Note: 
        1. Collatz(1) is [1].
        2. returned list sorted in increasing order.

    For example:
    get_odd_collatz(5) returns [1, 5] # The collatz sequence for 5 is [5, 16, 8, 4, 2, 1], so the odd numbers are only 1, and 5.
    """

    if n%2==0:
        odd_collatz = [] 
    else:
        odd_collatz = [n]
    while n > 1:
        if n % 2 == 0:
            n = n/2
        else:
            n = n*3 + 1
            
        if n%2 == 1:
            odd_collatz.append(int(n))

    return sorted(odd_collatz)


### Response:
response:
def test_get_odd_collatz():
    assert get_odd_collatz(1) == [1]
    assert get_odd_collatz(2) == [2]
    assert get_odd_collatz(3) == [3, 10]
    assert get_odd_collatz(4) == [4]
    assert get_odd_collatz(5) == [5, 16]
    assert get_odd_collatz(6) == [6, 3]
    assert get_odd_collatz(7) == [7, 22]
    assert get_odd_collatz(8) == [8]
    assert get_odd_collatz(9) == [9, 28]
    assert get_odd_collatz(10) == [10, 5]
    assert get_odd_collatz(11) == [11, 34]
    assert get_odd_collatz(12) == [12, 6]
    assert get_odd_collatz(13) == [13, 40]
    assert get_odd_collatz(14) == [14, 7]
    assert get_odd_collatz(15) == [15, 46]
    assert get_odd_collatz(16) == [16]
    assert get_odd_collatz(17) == [17, 52]
    assert get_odd_collatz(18) == [18, 9]
    assert get_odd_collatz(19) == [19, 58]
    assert get_odd_collatz(20) == [20, 10]
    assert get_odd_collatz(21) == [21, 64]
    assert get_odd_collatz(22) == [22, 11]
    assert get_odd_collatz(23) == [23, 70]
    assert get_odd_collatz(24) == [24, 12]
    assert get_odd_collatz(25) == [25, 76]
    assert get_odd_collatz(26) == [26, 13]
    assert get_odd_collatz(27) == [27, 82]
    assert get_odd_collatz(28) == [28, 14]
    assert get_odd_collatz(29) == [29, 94]
    assert get_odd_collatz(30) == [30, 15]
    assert get_odd_collatz(31) == [31, 106]
    assert get_odd_collatz(32) == [32]
    assert get_odd_collatz(33) == [33, 110]
    assert get_odd_collatz(34) == [34, 17]
    assert get_odd_collatz(35) == [35, 116]
    assert get_odd_collatz(36) == [36, 18]
    assert get_odd_collatz(37) == [37, 122]
    assert get_odd_collatz(38) == [38, 19]
    assert get_odd_collatz(39) == [39, 134]
    assert get_odd_collatz(40) == [40, 20]
    assert get_odd_collatz(41) == [41, 140]
    assert get_odd_collatz(42) == [42, 21]
    assert get_odd_collatz(43) == [43, 146]
    assert get_odd_collatz(44) == [44, 22]
    assert get_odd_collatz(45) == [45, 152]
    assert get_odd_collatz(46) == [46, 23]
    assert get_odd_collatz(47) == [47, 158]
    assert get_odd_collatz(48) == [48, 24]
    assert get_odd_collatz(49) == [49, 164]
    assert get_odd_collatz(50) == [50, 25]
    assert get_odd_collatz(51) == [51, 170]
    assert get_odd_collatz(52) == [52, 26]
    assert get_odd_collatz(53) == [53, 176]
    assert get_odd_collatz(54) == [54, 27, 82]
    assert get_odd_collatz(55) == [55, 182]
    assert get_odd_collatz(56) == [56, 28]
    assert get_odd_collatz(57) == [57, 188]
    assert get_odd_collatz(58) == [58, 29]
    assert get_odd_collatz(59) == [59, 194]
    assert get_odd_collatz(60) == [60, 30]
    assert get_odd_collatz(61) == [61, 200]
    assert get_odd_collatz(62) == [62, 31]
    assert get_odd_collatz(63) == [63, 206]
    assert get_odd_collatz(64) == [64]
    assert get_odd_collatz(65) == [65, 212]
    assert get_odd_collatz(66) == [66, 33]
    assert get_odd_collatz(67) == [67, 218]
    assert get_odd_collatz(68) == [68, 34]
    assert get_odd_collatz(69) == [69, 224]
    assert get_odd_collatz(70) == [70, 35]
    assert get_odd_collatz(71) == [71, 230]
    assert get_odd_collatz(72) == [72, 36]
    assert get_odd_collatz(73) == [73, 236]
    assert get_odd_collatz(74) == [74, 37]
    assert get_odd_collatz(75) == [75, 242]
    assert get_odd_collatz(76) == [76, 38]
    assert get_odd_collatz(77) == [77, 248]
    assert get_odd_collatz(78) == [78, 39]
    assert get_odd_collatz(79) == [79, 254]
    assert get_odd_collatz(80) == [80, 40]
    assert get_odd_collatz(81) == [81, 260]
    assert get_odd_collatz(82) == [82, 41]
    assert get_odd_collatz(83) == [83, 266]
    assert get_odd_collatz(84) == [84, 42]
    assert get_odd_collatz(85) == [85, 272]
    assert get_odd_collatz(86) == [86, 43]
    assert get_odd_collatz(87) == [87, 278]
    assert get_odd_collatz(88) == [88, 44]
    assert get_odd_collatz(89) == [89, 284]
    assert get_odd_collatz(90) == [90, 45]
    assert get_odd_collatz(91) == [91, 290]
    assert get_odd_collatz(92) == [92, 46]
    assert get_odd_collatz(93) == [93, 296]
    assert get_odd_collatz(94) == [94, 47]
    assert get_odd_collatz(95) == [95, 302]
    assert get_odd_collatz(96) == [96, 48]
    assert get_odd_collatz(97) == [97, 308]
    assert get_odd_collatz(98) == [98, 49]
    assert get_odd_collatz(99) == [99, 314]
    assert get_odd_collatz(100) == [100, 50]
coverage:
90.91Setting `pad_token_id` to `eos_token_id`:32021 for open-end generation.
============================= test session starts ==============================
platform linux -- Python 3.12.12, pytest-8.4.2, pluggy-1.6.0
rootdir: /content/CS598JBR-Team-25/MP2
plugins: cov-7.0.0, typeguard-4.4.4, langsmith-0.4.37, anyio-4.11.0
collected 1 item

Codes/HumanEval_162_test.py F                                            [100%]

=================================== FAILURES ===================================
______________________________ test_string_to_md5 ______________________________

    def test_string_to_md5():
        # Test with a non-empty string
        assert string_to_md5('Hello world') == '3e25960a79dbc69b674cd4ec67a72c62'
    
        # Test with an empty string
        assert string_to_md5('') is None
    
        # Test with a string containing special characters
>       assert string_to_md5('Test@123') == '5d98e73aa67030e953d9979f87729979'
E       AssertionError: assert 'f925916e2754...5dd58a5733251' == '5d98e73aa670...9979f87729979'
E         
E         - 5d98e73aa67030e953d9979f87729979
E         + f925916e2754e5e03f75dd58a5733251

Codes/HumanEval_162_test.py:13: AssertionError
================================ tests coverage ================================
_______________ coverage: platform linux, python 3.12.12-final-0 _______________

Coverage JSON written to file Coverage/HumanEval_162_test_crafted.json
=========================== short test summary info ============================
FAILED Codes/HumanEval_162_test.py::test_string_to_md5 - AssertionError: asse...
============================== 1 failed in 0.07s ===============================
Setting `pad_token_id` to `eos_token_id`:32021 for open-end generation.
============================= test session starts ==============================
platform linux -- Python 3.12.12, pytest-8.4.2, pluggy-1.6.0
rootdir: /content/CS598JBR-Team-25/MP2
plugins: cov-7.0.0, typeguard-4.4.4, langsmith-0.4.37, anyio-4.11.0
collected 1 item

Codes/HumanEval_41_test.py .                                             [100%]

================================ tests coverage ================================
_______________ coverage: platform linux, python 3.12.12-final-0 _______________

Coverage JSON written to file Coverage/HumanEval_41_test_crafted.json
============================== 1 passed in 0.06s ===============================
Setting `pad_token_id` to `eos_token_id`:32021 for open-end generation.
============================= test session starts ==============================
platform linux -- Python 3.12.12, pytest-8.4.2, pluggy-1.6.0
rootdir: /content/CS598JBR-Team-25/MP2
plugins: cov-7.0.0, typeguard-4.4.4, langsmith-0.4.37, anyio-4.11.0
collected 1 item

Codes/HumanEval_21_test.py F                                             [100%]

=================================== FAILURES ===================================
_____________________________ test_rescale_to_unit _____________________________

    def test_rescale_to_unit():
        assert rescale_to_unit([1.0, 2.0, 3.0, 4.0, 5.0]) == [0.0, 0.25, 0.5, 0.75, 1.0]
>       assert rescale_to_unit([0.0, 0.0, 0.0, 0.0, 0.0]) == [0.0, 0.0, 0.0, 0.0, 0.0]
               ^^^^^^^^^^^^^^^^^^^^^^^^^^^^^^^^^^^^^^^^^^

Codes/HumanEval_21_test.py:19: 
_ _ _ _ _ _ _ _ _ _ _ _ _ _ _ _ _ _ _ _ _ _ _ _ _ _ _ _ _ _ _ _ _ _ _ _ _ _ _ _ 

numbers = [0.0, 0.0, 0.0, 0.0, 0.0]

    def rescale_to_unit(numbers: List[float]) -> List[float]:
        min_number = min(numbers)
        max_number = max(numbers)
>       return [(x - min_number) / (max_number - min_number) for x in numbers]
                ^^^^^^^^^^^^^^^^^^^^^^^^^^^^^^^^^^^^^^^^^^^^
E       ZeroDivisionError: float division by zero

Codes/HumanEval_21_test.py:8: ZeroDivisionError
================================ tests coverage ================================
_______________ coverage: platform linux, python 3.12.12-final-0 _______________

Coverage JSON written to file Coverage/HumanEval_21_test_crafted.json
=========================== short test summary info ============================
FAILED Codes/HumanEval_21_test.py::test_rescale_to_unit - ZeroDivisionError: ...
============================== 1 failed in 0.07s ===============================
Setting `pad_token_id` to `eos_token_id`:32021 for open-end generation.
============================= test session starts ==============================
platform linux -- Python 3.12.12, pytest-8.4.2, pluggy-1.6.0
rootdir: /content/CS598JBR-Team-25/MP2
plugins: cov-7.0.0, typeguard-4.4.4, langsmith-0.4.37, anyio-4.11.0
collected 1 item

Codes/HumanEval_61_test.py .                                             [100%]

================================ tests coverage ================================
_______________ coverage: platform linux, python 3.12.12-final-0 _______________

Coverage JSON written to file Coverage/HumanEval_61_test_crafted.json
============================== 1 passed in 0.06s ===============================

Task_ID HumanEval/162:
prompt:
You are an AI programming assistant that is skilled in testcase generation. You are designed to generate testcases for the given code with high coverage (try your best to cover all the code).
### Workflow:
1. Read the task prompt and the code carefully
2. Generate a pytest test suite for the given code, including multiple test functions to cover all the code.

### Constraints:
- You must generate multiple test functions to cover all the code.
- **CRITICAL**: Only write unit tests in the output and nothing else, no other text or comments.

### Instructions:
- You are supposed to generate **NOT ONLY ONE** test function, but multiple test functions to cover all the code.
- DO NOT write many assertions in one test function, but write MULTIPLE test functions with MINIMAL assertions.

### Critical:
- **Do not guess semantics.** Read the code and determine the **exact predicate** (e.g., `== k` vs `< k` / `<= k` / `>= k`; or for ranges: `< n` vs `<= n`).
- First, define a **local helper** inside the test file to compute **expected** results by **mirroring the code’s predicate exactly**.
  Then assert `func(...) == expected_helper(...)`. This prevents mistakes on boundary conditions.
  
### Task Prompt and Code:

def string_to_md5(text):
    """
    Given a string 'text', return its md5 hash equivalent string.
    If 'text' is an empty string, return None.

    >>> string_to_md5('Hello world') == '3e25960a79dbc69b674cd4ec67a72c62'
    """

    import hashlib
    return hashlib.md5(text.encode('ascii')).hexdigest() if text else None


### Response:
response:
import pytest
import hashlib

def test_string_to_md5():
    # Test with a non-empty string
    assert string_to_md5('Hello world') == '3e25960a79dbc69b674cd4ec67a72c62'

    # Test with an empty string
    assert string_to_md5('') is None

    # Test with a string containing special characters
    assert string_to_md5('Test@123') == '5d98e73aa67030e953d9979f87729979'

    # Test with a string containing numbers
    assert string_to_md5('123456') == 'e10adc3949ba59abbe56e057f20f883e'

    # Test with a string containing uppercase letters
    assert string_to_md5('HELLO') == '8b1a9953c4611296e8f671e90801c327'

    # Test with a string containing lowercase letters
    assert string_to_md5('hello') == '5d41402abc4b2a76b9719d911017c592'
coverage:
100.0
Task_ID HumanEval/41:
prompt:
You are an AI programming assistant that is skilled in testcase generation. You are designed to generate testcases for the given code with high coverage (try your best to cover all the code).
### Workflow:
1. Read the task prompt and the code carefully
2. Generate a pytest test suite for the given code, including multiple test functions to cover all the code.

### Constraints:
- You must generate multiple test functions to cover all the code.
- **CRITICAL**: Only write unit tests in the output and nothing else, no other text or comments.

### Instructions:
- You are supposed to generate **NOT ONLY ONE** test function, but multiple test functions to cover all the code.
- DO NOT write many assertions in one test function, but write MULTIPLE test functions with MINIMAL assertions.

### Critical:
- **Do not guess semantics.** Read the code and determine the **exact predicate** (e.g., `== k` vs `< k` / `<= k` / `>= k`; or for ranges: `< n` vs `<= n`).
- First, define a **local helper** inside the test file to compute **expected** results by **mirroring the code’s predicate exactly**.
  Then assert `func(...) == expected_helper(...)`. This prevents mistakes on boundary conditions.
  
### Task Prompt and Code:


def car_race_collision(n: int):
    """
    Imagine a road that's a perfectly straight infinitely long line.
    n cars are driving left to right;  simultaneously, a different set of n cars
    are driving right to left.   The two sets of cars start out being very far from
    each other.  All cars move in the same speed.  Two cars are said to collide
    when a car that's moving left to right hits a car that's moving right to left.
    However, the cars are infinitely sturdy and strong; as a result, they continue moving
    in their trajectory as if they did not collide.

    This function outputs the number of such collisions.
    """

    return n**2


### Response:
response:
import pytest

def test_car_race_collision():
    assert car_race_collision(0) == 0
    assert car_race_collision(1) == 1
    assert car_race_collision(2) == 4
    assert car_race_collision(3) == 9
    assert car_race_collision(4) == 16
    assert car_race_collision(5) == 25
coverage:
100.0
Task_ID HumanEval/21:
prompt:
You are an AI programming assistant that is skilled in testcase generation. You are designed to generate testcases for the given code with high coverage (try your best to cover all the code).
### Workflow:
1. Read the task prompt and the code carefully
2. Generate a pytest test suite for the given code, including multiple test functions to cover all the code.

### Constraints:
- You must generate multiple test functions to cover all the code.
- **CRITICAL**: Only write unit tests in the output and nothing else, no other text or comments.

### Instructions:
- You are supposed to generate **NOT ONLY ONE** test function, but multiple test functions to cover all the code.
- DO NOT write many assertions in one test function, but write MULTIPLE test functions with MINIMAL assertions.

### Critical:
- **Do not guess semantics.** Read the code and determine the **exact predicate** (e.g., `== k` vs `< k` / `<= k` / `>= k`; or for ranges: `< n` vs `<= n`).
- First, define a **local helper** inside the test file to compute **expected** results by **mirroring the code’s predicate exactly**.
  Then assert `func(...) == expected_helper(...)`. This prevents mistakes on boundary conditions.
  
### Task Prompt and Code:
from typing import List


def rescale_to_unit(numbers: List[float]) -> List[float]:
    """ Given list of numbers (of at least two elements), apply a linear transform to that list,
    such that the smallest number will become 0 and the largest will become 1
    >>> rescale_to_unit([1.0, 2.0, 3.0, 4.0, 5.0])
    [0.0, 0.25, 0.5, 0.75, 1.0]
    """

    min_number = min(numbers)
    max_number = max(numbers)
    return [(x - min_number) / (max_number - min_number) for x in numbers]


### Response:
response:
import pytest


def rescale_to_unit(numbers: List[float]) -> List[float]:
    min_number = min(numbers)
    max_number = max(numbers)
    return [(x - min_number) / (max_number - min_number) for x in numbers]


def expected_rescale_to_unit(numbers: List[float]) -> List[float]:
    min_number = min(numbers)
    max_number = max(numbers)
    return [(x - min_number) / (max_number - min_number) for x in numbers]


def test_rescale_to_unit():
    assert rescale_to_unit([1.0, 2.0, 3.0, 4.0, 5.0]) == [0.0, 0.25, 0.5, 0.75, 1.0]
    assert rescale_to_unit([0.0, 0.0, 0.0, 0.0, 0.0]) == [0.0, 0.0, 0.0, 0.0, 0.0]
    assert rescale_to_unit([10.0, 20.0, 30.0, 40.0, 50.0]) == [0.0, 0.25, 0.5, 0.75, 1.0]
    assert rescale_to_unit([-1.0, -2.0, -3.0, -4.0, -5.0]) == [0.0, 0.25, 0.5, 0.75, 1.0]
    assert rescale_to_unit([1.0, 1.0, 1.0, 1.0, 1.0]) == [0.0, 0.0, 0.0, 0.0, 0.0]
coverage:
40.0
Task_ID HumanEval/61:
prompt:
You are an AI programming assistant that is skilled in testcase generation. You are designed to generate testcases for the given code with high coverage (try your best to cover all the code).
### Workflow:
1. Read the task prompt and the code carefully
2. Generate a pytest test suite for the given code, including multiple test functions to cover all the code.

### Constraints:
- You must generate multiple test functions to cover all the code.
- **CRITICAL**: Only write unit tests in the output and nothing else, no other text or comments.

### Instructions:
- You are supposed to generate **NOT ONLY ONE** test function, but multiple test functions to cover all the code.
- DO NOT write many assertions in one test function, but write MULTIPLE test functions with MINIMAL assertions.

### Critical:
- **Do not guess semantics.** Read the code and determine the **exact predicate** (e.g., `== k` vs `< k` / `<= k` / `>= k`; or for ranges: `< n` vs `<= n`).
- First, define a **local helper** inside the test file to compute **expected** results by **mirroring the code’s predicate exactly**.
  Then assert `func(...) == expected_helper(...)`. This prevents mistakes on boundary conditions.
  
### Task Prompt and Code:


def correct_bracketing(brackets: str):
    """ brackets is a string of "(" and ")".
    return True if every opening bracket has a corresponding closing bracket.

    >>> correct_bracketing("(")
    False
    >>> correct_bracketing("()")
    True
    >>> correct_bracketing("(()())")
    True
    >>> correct_bracketing(")(()")
    False
    """

    depth = 0
    for b in brackets:
        if b == "(":
            depth += 1
        else:
            depth -= 1
        if depth < 0:
            return False
    return depth == 0


### Response:
response:
import pytest

def test_correct_bracketing():
    assert correct_bracketing("(") == False
    assert correct_bracketing("()") == True
    assert correct_bracketing("(()())") == True
    assert correct_bracketing(")(()") == False
    assert correct_bracketing("") == True
    assert correct_bracketing("))") == False
    assert correct_bracketing("()()()()()") == True
    assert correct_bracketing("(((())))") == True
    assert correct_bracketing(")(") == False
coverage:
100.0Setting `pad_token_id` to `eos_token_id`:32021 for open-end generation.
============================= test session starts ==============================
platform linux -- Python 3.12.12, pytest-8.4.2, pluggy-1.6.0
rootdir: /content/CS598JBR-Team-25/MP2
plugins: cov-7.0.0, typeguard-4.4.4, langsmith-0.4.37, anyio-4.11.0
collected 3 items

Codes/HumanEval_97_test.py ...                                           [100%]

================================ tests coverage ================================
_______________ coverage: platform linux, python 3.12.12-final-0 _______________

Coverage JSON written to file Coverage/HumanEval_97_test_crafted.json
============================== 3 passed in 0.07s ===============================
Setting `pad_token_id` to `eos_token_id`:32021 for open-end generation.
============================= test session starts ==============================
platform linux -- Python 3.12.12, pytest-8.4.2, pluggy-1.6.0
rootdir: /content/CS598JBR-Team-25/MP2
plugins: cov-7.0.0, typeguard-4.4.4, langsmith-0.4.37, anyio-4.11.0
collected 1 item

Codes/HumanEval_27_test.py F                                             [100%]

=================================== FAILURES ===================================
________________________________ test_flip_case ________________________________

    def test_flip_case():
        assert flip_case('Hello') == 'hELLO'
        assert flip_case('hELLO') == 'Hello'
>       assert flipip_case('HELLO') == 'hello'
               ^^^^^^^^^^^
E       NameError: name 'flipip_case' is not defined

Codes/HumanEval_27_test.py:7: NameError
================================ tests coverage ================================
_______________ coverage: platform linux, python 3.12.12-final-0 _______________

Coverage JSON written to file Coverage/HumanEval_27_test_crafted.json
=========================== short test summary info ============================
FAILED Codes/HumanEval_27_test.py::test_flip_case - NameError: name 'flipip_c...
============================== 1 failed in 0.06s ===============================
Setting `pad_token_id` to `eos_token_id`:32021 for open-end generation.
============================= test session starts ==============================
platform linux -- Python 3.12.12, pytest-8.4.2, pluggy-1.6.0
rootdir: /content/CS598JBR-Team-25/MP2
plugins: cov-7.0.0, typeguard-4.4.4, langsmith-0.4.37, anyio-4.11.0
collected 6 items

Codes/HumanEval_1_test.py .....F                                         [100%]

=================================== FAILURES ===================================
___________________ test_separate_paren_groups_complex_case ____________________

    def test_separate_paren_groups_complex_case():
>       assert separate_paren_groups("((( )))((( )))(( ))") == ["((()))", "((()))", "(( ))"]
E       AssertionError: assert ['((()))', '((()))', '(())'] == ['((()))', '((()))', '(( ))']
E         
E         At index 2 diff: '(())' != '(( ))'
E         Use -v to get more diff

Codes/HumanEval_1_test.py:20: AssertionError
================================ tests coverage ================================
_______________ coverage: platform linux, python 3.12.12-final-0 _______________

Coverage JSON written to file Coverage/HumanEval_1_test_crafted.json
=========================== short test summary info ============================
FAILED Codes/HumanEval_1_test.py::test_separate_paren_groups_complex_case - A...
========================= 1 failed, 5 passed in 0.07s ==========================
Setting `pad_token_id` to `eos_token_id`:32021 for open-end generation.
============================= test session starts ==============================
platform linux -- Python 3.12.12, pytest-8.4.2, pluggy-1.6.0
rootdir: /content/CS598JBR-Team-25/MP2
plugins: cov-7.0.0, typeguard-4.4.4, langsmith-0.4.37, anyio-4.11.0
collected 5 items

Codes/HumanEval_68_test.py .....                                         [100%]

================================ tests coverage ================================
_______________ coverage: platform linux, python 3.12.12-final-0 _______________

Coverage JSON written to file Coverage/HumanEval_68_test_crafted.json
============================== 5 passed in 0.07s ===============================

Task_ID HumanEval/97:
prompt:
You are an AI programming assistant that is skilled in testcase generation. You are designed to generate testcases for the given code with high coverage (try your best to cover all the code).
### Workflow:
1. Read the task prompt and the code carefully
2. Generate a pytest test suite for the given code, including multiple test functions to cover all the code.

### Constraints:
- You must generate multiple test functions to cover all the code.
- **CRITICAL**: Only write unit tests in the output and nothing else, no other text or comments.

### Instructions:
- You are supposed to generate **NOT ONLY ONE** test function, but multiple test functions to cover all the code.
- DO NOT write many assertions in one test function, but write MULTIPLE test functions with MINIMAL assertions.

### Critical:
- **Do not guess semantics.** Read the code and determine the **exact predicate** (e.g., `== k` vs `< k` / `<= k` / `>= k`; or for ranges: `< n` vs `<= n`).
- First, define a **local helper** inside the test file to compute **expected** results by **mirroring the code’s predicate exactly**.
  Then assert `func(...) == expected_helper(...)`. This prevents mistakes on boundary conditions.
  
### Task Prompt and Code:

def multiply(a, b):
    """Complete the function that takes two integers and returns 
    the product of their unit digits.
    Assume the input is always valid.
    Examples:
    multiply(148, 412) should return 16.
    multiply(19, 28) should return 72.
    multiply(2020, 1851) should return 0.
    multiply(14,-15) should return 20.
    """

    return abs(a % 10) * abs(b % 10)


### Response:
response:
import pytest

def test_multiply_with_positive_numbers():
    assert multiply(148, 412) == 16
    assert multiply(19, 28) == 72
    assert multiply(2020, 1851) == 0

def test_multiply_with_negative_numbers():
    assert multiply(14,-15) == 20

def test_multiply_with_zero():
    assert multiply(0, 123) == 0
    assert multiply(123, 0) == 0
    assert multiply(0, 0) == 0
coverage:
100.0
Task_ID HumanEval/27:
prompt:
You are an AI programming assistant that is skilled in testcase generation. You are designed to generate testcases for the given code with high coverage (try your best to cover all the code).
### Workflow:
1. Read the task prompt and the code carefully
2. Generate a pytest test suite for the given code, including multiple test functions to cover all the code.

### Constraints:
- You must generate multiple test functions to cover all the code.
- **CRITICAL**: Only write unit tests in the output and nothing else, no other text or comments.

### Instructions:
- You are supposed to generate **NOT ONLY ONE** test function, but multiple test functions to cover all the code.
- DO NOT write many assertions in one test function, but write MULTIPLE test functions with MINIMAL assertions.

### Critical:
- **Do not guess semantics.** Read the code and determine the **exact predicate** (e.g., `== k` vs `< k` / `<= k` / `>= k`; or for ranges: `< n` vs `<= n`).
- First, define a **local helper** inside the test file to compute **expected** results by **mirroring the code’s predicate exactly**.
  Then assert `func(...) == expected_helper(...)`. This prevents mistakes on boundary conditions.
  
### Task Prompt and Code:


def flip_case(string: str) -> str:
    """ For a given string, flip lowercase characters to uppercase and uppercase to lowercase.
    >>> flip_case('Hello')
    'hELLO'
    """

    return string.swapcase()


### Response:
response:
import pytest

def test_flip_case():
    assert flip_case('Hello') == 'hELLO'
    assert flip_case('hELLO') == 'Hello'
    assert flipip_case('HELLO') == 'hello'
    assert flip_case('Python') == 'pYTHON'
    assert flip_case('pyTHON') == 'PYTHON'
    assert flip_case('12345') == '12345'
    assert flip_case('') == ''
coverage:
100.0
Task_ID HumanEval/1:
prompt:
You are an AI programming assistant that is skilled in testcase generation. You are designed to generate testcases for the given code with high coverage (try your best to cover all the code).
### Workflow:
1. Read the task prompt and the code carefully
2. Generate a pytest test suite for the given code, including multiple test functions to cover all the code.

### Constraints:
- You must generate multiple test functions to cover all the code.
- **CRITICAL**: Only write unit tests in the output and nothing else, no other text or comments.

### Instructions:
- You are supposed to generate **NOT ONLY ONE** test function, but multiple test functions to cover all the code.
- DO NOT write many assertions in one test function, but write MULTIPLE test functions with MINIMAL assertions.

### Critical:
- **Do not guess semantics.** Read the code and determine the **exact predicate** (e.g., `== k` vs `< k` / `<= k` / `>= k`; or for ranges: `< n` vs `<= n`).
- First, define a **local helper** inside the test file to compute **expected** results by **mirroring the code’s predicate exactly**.
  Then assert `func(...) == expected_helper(...)`. This prevents mistakes on boundary conditions.
  
### Task Prompt and Code:
from typing import List


def separate_paren_groups(paren_string: str) -> List[str]:
    """ Input to this function is a string containing multiple groups of nested parentheses. Your goal is to
    separate those group into separate strings and return the list of those.
    Separate groups are balanced (each open brace is properly closed) and not nested within each other
    Ignore any spaces in the input string.
    >>> separate_paren_groups('( ) (( )) (( )( ))')
    ['()', '(())', '(()())']
    """

    result = []
    current_string = []
    current_depth = 0

    for c in paren_string:
        if c == '(':
            current_depth += 1
            current_string.append(c)
        elif c == ')':
            current_depth -= 1
            current_string.append(c)

            if current_depth == 0:
                result.append(''.join(current_string))
                current_string.clear()

    return result


### Response:
response:
import pytest

def test_separate_paren_groups_empty_string():
    assert separate_paren_groups("") == []

def test_separate_paren_groups_single_group():
    assert separate_paren_groups("(())") == ["(())"]

def test_separate_paren_groups_multiple_groups():
    assert separate_paren_groups("(())(())") == ["(())", "(())"]

def test_separate_paren_groups_nested_groups():
    assert separate_paren_groups("((()))()(())") == ["((()))", "()", "(())"]

def test_separate_paren_groups_ignore_spaces():
    assert separate_paren_groups("( ) (( )) (( )( ))") == ["()", "(())", "(()())"]

def test_separate_paren_groups_complex_case():
    assert separate_paren_groups("((( )))((( )))(( ))") == ["((()))", "((()))", "(( ))"]
coverage:
100.0
Task_ID HumanEval/68:
prompt:
You are an AI programming assistant that is skilled in testcase generation. You are designed to generate testcases for the given code with high coverage (try your best to cover all the code).
### Workflow:
1. Read the task prompt and the code carefully
2. Generate a pytest test suite for the given code, including multiple test functions to cover all the code.

### Constraints:
- You must generate multiple test functions to cover all the code.
- **CRITICAL**: Only write unit tests in the output and nothing else, no other text or comments.

### Instructions:
- You are supposed to generate **NOT ONLY ONE** test function, but multiple test functions to cover all the code.
- DO NOT write many assertions in one test function, but write MULTIPLE test functions with MINIMAL assertions.

### Critical:
- **Do not guess semantics.** Read the code and determine the **exact predicate** (e.g., `== k` vs `< k` / `<= k` / `>= k`; or for ranges: `< n` vs `<= n`).
- First, define a **local helper** inside the test file to compute **expected** results by **mirroring the code’s predicate exactly**.
  Then assert `func(...) == expected_helper(...)`. This prevents mistakes on boundary conditions.
  
### Task Prompt and Code:

def pluck(arr):
    """
    "Given an array representing a branch of a tree that has non-negative integer nodes
    your task is to pluck one of the nodes and return it.
    The plucked node should be the node with the smallest even value.
    If multiple nodes with the same smallest even value are found return the node that has smallest index.

    The plucked node should be returned in a list, [ smalest_value, its index ],
    If there are no even values or the given array is empty, return [].

    Example 1:
        Input: [4,2,3]
        Output: [2, 1]
        Explanation: 2 has the smallest even value, and 2 has the smallest index.

    Example 2:
        Input: [1,2,3]
        Output: [2, 1]
        Explanation: 2 has the smallest even value, and 2 has the smallest index. 

    Example 3:
        Input: []
        Output: []
    
    Example 4:
        Input: [5, 0, 3, 0, 4, 2]
        Output: [0, 1]
        Explanation: 0 is the smallest value, but  there are two zeros,
                     so we will choose the first zero, which has the smallest index.

    Constraints:
        * 1 <= nodes.length <= 10000
        * 0 <= node.value
    """

    if(len(arr) == 0): return []
    evens = list(filter(lambda x: x%2 == 0, arr))
    if(evens == []): return []
    return [min(evens), arr.index(min(evens))]


### Response:
response:
import pytest

def test_pluck_with_even_values():
    assert pluck([4,2,3]) == [2, 1]
    assert pluck([1,2,3]) == [2, 1]
    assert pluck([5,0,3,0,4,2]) == [0, 1]

def test_pluck_with_no_even_values():
    assert pluck([1,3,5]) == []

def test_pluck_with_empty_array():
    assert pluck([]) == []

def test_pluck_with_multiple_smallest_even_values():
    assert pluck([2,2,2,2,2]) == [2, 0]
    assert pluck([0,4,4,4,4]) == [0, 0]

def test_pluck_with_large_input():
    arr = list(range(10000))
    assert pluck(arr) == [0, 0]
coverage:
100.0Setting `pad_token_id` to `eos_token_id`:32021 for open-end generation.
============================= test session starts ==============================
platform linux -- Python 3.12.12, pytest-8.4.2, pluggy-1.6.0
rootdir: /content/CS598JBR-Team-25/MP2
plugins: cov-7.0.0, typeguard-4.4.4, langsmith-0.4.37, anyio-4.11.0
collected 4 items

Codes/HumanEval_150_test.py FFFF                                         [100%]

=================================== FAILURES ===================================
______________________________ test_x_or_y_prime _______________________________

    def test_x_or_y_prime():
>       from your_module import x_or_y
E       ModuleNotFoundError: No module named 'your_module'

Codes/HumanEval_150_test.py:5: ModuleNotFoundError
____________________________ test_x_or_y_not_prime _____________________________

    def test_x_or_y_not_prime():
>       from your_module import x_or_y
E       ModuleNotFoundError: No module named 'your_module'

Codes/HumanEval_150_test.py:10: ModuleNotFoundError
_______________________________ test_x_or_y_one ________________________________

    def test_x_or_y_one():
>       from your_module import x_or_y
E       ModuleNotFoundError: No module named 'your_module'

Codes/HumanEval_150_test.py:15: ModuleNotFoundError
_______________________________ test_x_or_y_zero _______________________________

    def test_x_or_y_zero():
>       from your_module import x_or_y
E       ModuleNotFoundError: No module named 'your_module'

Codes/HumanEval_150_test.py:19: ModuleNotFoundError
================================ tests coverage ================================
_______________ coverage: platform linux, python 3.12.12-final-0 _______________

Coverage JSON written to file Coverage/HumanEval_150_test_crafted.json
=========================== short test summary info ============================
FAILED Codes/HumanEval_150_test.py::test_x_or_y_prime - ModuleNotFoundError: ...
FAILED Codes/HumanEval_150_test.py::test_x_or_y_not_prime - ModuleNotFoundErr...
FAILED Codes/HumanEval_150_test.py::test_x_or_y_one - ModuleNotFoundError: No...
FAILED Codes/HumanEval_150_test.py::test_x_or_y_zero - ModuleNotFoundError: N...
============================== 4 failed in 0.09s ===============================
Setting `pad_token_id` to `eos_token_id`:32021 for open-end generation.
============================= test session starts ==============================
platform linux -- Python 3.12.12, pytest-8.4.2, pluggy-1.6.0
rootdir: /content/CS598JBR-Team-25/MP2
plugins: cov-7.0.0, typeguard-4.4.4, langsmith-0.4.37, anyio-4.11.0
collected 10 items

Codes/HumanEval_112_test.py .......F..                                   [100%]

=================================== FAILURES ===================================
____________________________ test_reverse_delete_8 _____________________________

    def test_reverse_delete_8():
>       assert reverse_delete("abcba", "a") == ("bc", False)
E       AssertionError: assert ('bcb', True) == ('bc', False)
E         
E         At index 0 diff: 'bcb' != 'bc'
E         Use -v to get more diff

Codes/HumanEval_112_test.py:26: AssertionError
================================ tests coverage ================================
_______________ coverage: platform linux, python 3.12.12-final-0 _______________

Coverage JSON written to file Coverage/HumanEval_112_test_crafted.json
=========================== short test summary info ============================
FAILED Codes/HumanEval_112_test.py::test_reverse_delete_8 - AssertionError: a...
========================= 1 failed, 9 passed in 0.09s ==========================

Task_ID HumanEval/150:
prompt:
You are an AI programming assistant that is skilled in testcase generation. You are designed to generate testcases for the given code with high coverage (try your best to cover all the code).
### Workflow:
1. Read the task prompt and the code carefully
2. Generate a pytest test suite for the given code, including multiple test functions to cover all the code.

### Constraints:
- You must generate multiple test functions to cover all the code.
- **CRITICAL**: Only write unit tests in the output and nothing else, no other text or comments.

### Instructions:
- You are supposed to generate **NOT ONLY ONE** test function, but multiple test functions to cover all the code.
- DO NOT write many assertions in one test function, but write MULTIPLE test functions with MINIMAL assertions.

### Critical:
- **Do not guess semantics.** Read the code and determine the **exact predicate** (e.g., `== k` vs `< k` / `<= k` / `>= k`; or for ranges: `< n` vs `<= n`).
- First, define a **local helper** inside the test file to compute **expected** results by **mirroring the code’s predicate exactly**.
  Then assert `func(...) == expected_helper(...)`. This prevents mistakes on boundary conditions.
  
### Task Prompt and Code:

def x_or_y(n, x, y):
    """A simple program which should return the value of x if n is 
    a prime number and should return the value of y otherwise.

    Examples:
    for x_or_y(7, 34, 12) == 34
    for x_or_y(15, 8, 5) == 5
    
    """

    if n == 1:
        return y
    for i in range(2, n):
        if n % i == 0:
            return y
            break
    else:
        return x


### Response:
response:
import pytest

def test_x_or_y_prime():
    from your_module import x_or_y
    assert x_or_y(7, 34, 12) == 34
    assert x_or_y(11, 8, 5) == 8  # 11 is a prime number

def test_x_or_y_not_prime():
    from your_module import x_or_y
    assert x_or_y(4, 34, 12) == 12  # 4 is not a prime number
    assert x_or_y(15, 8, 5) == 5

def test_x_or_y_one():
    from your_module import x_or_y
    assert x_or_y(1, 34, 12) == 12  # 1 is not a prime number

def test_x_or_y_zero():
    from your_module import x_or_y
    assert x_or_y(0, 34, 12) == 12  # 0 is not a prime number
coverage:
14.29
Task_ID HumanEval/112:
prompt:
You are an AI programming assistant that is skilled in testcase generation. You are designed to generate testcases for the given code with high coverage (try your best to cover all the code).
### Workflow:
1. Read the task prompt and the code carefully
2. Generate a pytest test suite for the given code, including multiple test functions to cover all the code.

### Constraints:
- You must generate multiple test functions to cover all the code.
- **CRITICAL**: Only write unit tests in the output and nothing else, no other text or comments.

### Instructions:
- You are supposed to generate **NOT ONLY ONE** test function, but multiple test functions to cover all the code.
- DO NOT write many assertions in one test function, but write MULTIPLE test functions with MINIMAL assertions.

### Critical:
- **Do not guess semantics.** Read the code and determine the **exact predicate** (e.g., `== k` vs `< k` / `<= k` / `>= k`; or for ranges: `< n` vs `<= n`).
- First, define a **local helper** inside the test file to compute **expected** results by **mirroring the code’s predicate exactly**.
  Then assert `func(...) == expected_helper(...)`. This prevents mistakes on boundary conditions.
  
### Task Prompt and Code:

def reverse_delete(s,c):
    """Task
    We are given two strings s and c, you have to deleted all the characters in s that are equal to any character in c
    then check if the result string is palindrome.
    A string is called palindrome if it reads the same backward as forward.
    You should return a tuple containing the result string and True/False for the check.
    Example
    For s = "abcde", c = "ae", the result should be ('bcd',False)
    For s = "abcdef", c = "b"  the result should be ('acdef',False)
    For s = "abcdedcba", c = "ab", the result should be ('cdedc',True)
    """

    s = ''.join([char for char in s if char not in c])
    return (s,s[::-1] == s)


### Response:
response:
import pytest

def test_reverse_delete_1():
    assert reverse_delete("abcde", "ae") == ("bcd", False)

def test_reverse_delete_2():
    assert reverse_delete("abcdef", "b") == ("acdef", False)

def test_reverse_delete_3():
    assert reverse_delete("abcdedcba", "ab") == ("cdedc", True)

def test_reverse_delete_4():
    assert reverse_delete("", "ae") == ("", True)

def test_reverse_delete_5():
    assert reverse_delete("abcde", "") == ("abcde", False)

def test_reverse_delete_6():
    assert reverse_delete("aabbcc", "abc") == ("", True)

def test_reverse_delete_7():
    assert reverse_delete("abcdefg", "gf") == ("abcde", False)

def test_reverse_delete_8():
    assert reverse_delete("abcba", "a") == ("bc", False)

def test_reverse_delete_9():
    assert reverse_delete("abcabc", "abc") == ("", True)

def test_reverse_delete_10():
    assert reverse_delete("abcabc", "") == ("abcabc", False)
coverage:
100.0
